<?xml version="1.0" encoding="UTF-8"?>
<testsuite xmlns:xsi="http://www.w3.org/2001/XMLSchema-instance" xsi:noNamespaceSchemaLocation="https://maven.apache.org/surefire/maven-surefire-plugin/xsd/surefire-test-report.xsd" name="TestSuite" time="27.597" tests="7" errors="0" skipped="0" failures="1">
  <properties>
[...]
</properties>
  <testcase name="loginInTest" classname="com.hellofresh.challenge.ShoppingPortalLoginTest" time="4.563"/>
  <testcase name="registrationForShoppingPortal" classname="com.hellofresh.challenge.ShoppingPortalRegistrationTest" time="7.316"/>
  <testcase name="orderProcessing_CheckoutTest" classname="com.hellofresh.challenge.ShoppingPortalCheckoutTest" time="15.324"/>
  <testcase name="getAllCountriesAndValidate" classname="com.hellofresh.apitest.GetAllCountriesTest" time="2.106"/>
  <testcase name="getCountryByAlphaCodeAndValidateResponse" classname="com.hellofresh.apitest.GetCountryByAlphaCodeTest" time="0.327"/>
  <testcase name="validateInvalidCountryResponse" classname="com.hellofresh.apitest.GetCountryByNameWithInvalidData" time="0.244"/>
  <testcase name="postCountry" classname="com.hellofresh.apitest.PostCountryTest" time="0.436">
    <failure message="2 expectations failed.&#10;Expected status code &lt;200&gt; but was &lt;404&gt;.&#10;&#10;Expected header &quot;Content-Type&quot; was not &quot;application/json;charset=utf-8&quot;, was &quot;null&quot;. Headers are:&#10;Date=Wed, 09 Oct 2019 21:48:11 GMT&#10;Content-Length=0&#10;Connection=keep-alive&#10;Set-Cookie=__cfduid=d47f22f1990d960d4d3b2f2b161ca14a41570657691; expires=Thu, 08-Oct-20 21:48:11 GMT; path=/; domain=.restcountries.eu; HttpOnly&#10;Access-Control-Allow-Origin=*&#10;Access-Control-Allow-Methods=GET&#10;Access-Control-Allow-Headers=Accept, X-Requested-With&#10;Cache-Control=public, max-age=86400&#10;CF-Cache-Status=DYNAMIC&#10;Expect-CT=max-age=604800, report-uri=&quot;https://report-uri.cloudflare.com/cdn-cgi/beacon/expect-ct&quot;&#10;Server=cloudflare&#10;CF-RAY=52338ea90fe0bb8e-LHR&#10;" type="java.lang.AssertionError"><![CDATA[java.lang.AssertionError: 
2 expectations failed.
Expected status code <200> but was <404>.

Expected header "Content-Type" was not "application/json;charset=utf-8", was "null". Headers are:
Date=Wed, 09 Oct 2019 21:48:11 GMT
Content-Length=0
Connection=keep-alive
Set-Cookie=__cfduid=d47f22f1990d960d4d3b2f2b161ca14a41570657691; expires=Thu, 08-Oct-20 21:48:11 GMT; path=/; domain=.restcountries.eu; HttpOnly
Access-Control-Allow-Origin=*
Access-Control-Allow-Methods=GET
Access-Control-Allow-Headers=Accept, X-Requested-With
Cache-Control=public, max-age=86400
CF-Cache-Status=DYNAMIC
Expect-CT=max-age=604800, report-uri="https://report-uri.cloudflare.com/cdn-cgi/beacon/expect-ct"
Server=cloudflare
CF-RAY=52338ea90fe0bb8e-LHR

	at com.hellofresh.apitest.PostCountryTest.postCountry(PostCountryTest.java:40)
]]></failure>
  </testcase>
</testsuite>