<?xml version="1.0" encoding="UTF-8"?>
<!-- Generated by org.testng.reporters.JUnitReportReporter -->
<testsuite skipped="0" hostname="WKMIN4943354" name="com.hellofresh.apitest.PostCountryTest" tests="1" failures="1" timestamp="09 Oct 2019 18:53:59 GMT" time="0.407" errors="0">
  <testcase name="postCountry" time="0.407" classname="com.hellofresh.apitest.PostCountryTest">
    <failure type="java.lang.AssertionError" message="2 expectations failed.
Expected status code &lt;200&gt; but was &lt;404&gt;.

Expected header &quot;Content-Type&quot; was not &quot;application/json;charset=utf-8&quot;, was &quot;null&quot;. Headers are:
Date=Wed, 09 Oct 2019 18:53:59 GMT
Content-Length=0
Connection=keep-alive
Set-Cookie=__cfduid=df4b1cc97d870fd5eb0b3d0d86cf235681570647239; expires=Thu, 08-Oct-20 18:53:59 GMT; path=/; domain=.restcountries.eu; HttpOnly
Access-Control-Allow-Origin=*
Access-Control-Allow-Methods=GET
Access-Control-Allow-Headers=Accept, X-Requested-With
Cache-Control=public, max-age=86400
CF-Cache-Status=DYNAMIC
Expect-CT=max-age=604800, report-uri=&quot;https://report-uri.cloudflare.com/cdn-cgi/beacon/expect-ct&quot;
Server=cloudflare
CF-RAY=52328f7d1ebfe620-LHR
">
      <![CDATA[java.lang.AssertionError: 2 expectations failed.
Expected status code <200> but was <404>.

Expected header "Content-Type" was not "application/json;charset=utf-8", was "null". Headers are:
Date=Wed, 09 Oct 2019 18:53:59 GMT
Content-Length=0
Connection=keep-alive
Set-Cookie=__cfduid=df4b1cc97d870fd5eb0b3d0d86cf235681570647239; expires=Thu, 08-Oct-20 18:53:59 GMT; path=/; domain=.restcountries.eu; HttpOnly
Access-Control-Allow-Origin=*
Access-Control-Allow-Methods=GET
Access-Control-Allow-Headers=Accept, X-Requested-With
Cache-Control=public, max-age=86400
CF-Cache-Status=DYNAMIC
Expect-CT=max-age=604800, report-uri="https://report-uri.cloudflare.com/cdn-cgi/beacon/expect-ct"
Server=cloudflare
CF-RAY=52328f7d1ebfe620-LHR

at sun.reflect.NativeConstructorAccessorImpl.newInstance0(Native Method)
at sun.reflect.NativeConstructorAccessorImpl.newInstance(NativeConstructorAccessorImpl.java:62)
at sun.reflect.DelegatingConstructorAccessorImpl.newInstance(DelegatingConstructorAccessorImpl.java:45)
at java.lang.reflect.Constructor.newInstance(Constructor.java:423)
at org.codehaus.groovy.reflection.CachedConstructor.invoke(CachedConstructor.java:83)
at org.codehaus.groovy.reflection.CachedConstructor.doConstructorInvoke(CachedConstructor.java:77)
at org.codehaus.groovy.runtime.callsite.ConstructorSite$ConstructorSiteNoUnwrap.callConstructor(ConstructorSite.java:84)
at org.codehaus.groovy.runtime.callsite.CallSiteArray.defaultCallConstructor(CallSiteArray.java:60)
at org.codehaus.groovy.runtime.callsite.AbstractCallSite.callConstructor(AbstractCallSite.java:235)
at org.codehaus.groovy.runtime.callsite.AbstractCallSite.callConstructor(AbstractCallSite.java:247)
at io.restassured.internal.ResponseSpecificationImpl$HamcrestAssertionClosure.validate(ResponseSpecificationImpl.groovy:471)
at io.restassured.internal.ResponseSpecificationImpl$HamcrestAssertionClosure$validate$1.call(Unknown Source)
at io.restassured.internal.ResponseSpecificationImpl.validate(ResponseSpecificationImpl.groovy:88)
at io.restassured.internal.ValidatableResponseOptionsImpl.specification(ValidatableResponseOptionsImpl.java:311)
at io.restassured.internal.ValidatableResponseOptionsImpl.spec(ValidatableResponseOptionsImpl.java:292)
at restAPI.PostAPI.postCountry(PostAPI.java:20)
at com.hellofresh.apitest.PostCountryTest.postCountry(PostCountryTest.java:40)
at sun.reflect.NativeMethodAccessorImpl.invoke0(Native Method)
at sun.reflect.NativeMethodAccessorImpl.invoke(NativeMethodAccessorImpl.java:62)
at sun.reflect.DelegatingMethodAccessorImpl.invoke(DelegatingMethodAccessorImpl.java:43)
at java.lang.reflect.Method.invoke(Method.java:498)
at org.testng.internal.MethodInvocationHelper.invokeMethod(MethodInvocationHelper.java:124)
at org.testng.internal.Invoker.invokeMethod(Invoker.java:583)
at org.testng.internal.Invoker.invokeTestMethod(Invoker.java:719)
at org.testng.internal.Invoker.invokeTestMethods(Invoker.java:989)
at org.testng.internal.TestMethodWorker.invokeTestMethods(TestMethodWorker.java:125)
at org.testng.internal.TestMethodWorker.run(TestMethodWorker.java:109)
at org.testng.TestRunner.privateRun(TestRunner.java:648)
at org.testng.TestRunner.run(TestRunner.java:505)
at org.testng.SuiteRunner.runTest(SuiteRunner.java:455)
at org.testng.SuiteRunner.runSequentially(SuiteRunner.java:450)
at org.testng.SuiteRunner.privateRun(SuiteRunner.java:415)
at org.testng.SuiteRunner.run(SuiteRunner.java:364)
at org.testng.SuiteRunnerWorker.runSuite(SuiteRunnerWorker.java:52)
at org.testng.SuiteRunnerWorker.run(SuiteRunnerWorker.java:84)
at org.testng.TestNG.runSuitesSequentially(TestNG.java:1208)
at org.testng.TestNG.runSuitesLocally(TestNG.java:1137)
at org.testng.TestNG.runSuites(TestNG.java:1049)
at org.testng.TestNG.run(TestNG.java:1017)
at org.testng.remote.AbstractRemoteTestNG.run(AbstractRemoteTestNG.java:114)
at org.testng.remote.RemoteTestNG.initAndRun(RemoteTestNG.java:251)
at org.testng.remote.RemoteTestNG.main(RemoteTestNG.java:77)
]]>
    </failure>
  </testcase> <!-- postCountry -->
</testsuite> <!-- com.hellofresh.apitest.PostCountryTest -->
